<?xml version="1.0" encoding="UTF-8"?>
<testsuite xmlns:xsi="http://www.w3.org/2001/XMLSchema-instance" xsi:noNamespaceSchemaLocation="https://maven.apache.org/surefire/maven-surefire-plugin/xsd/surefire-test-report.xsd" name="Runner.TestRunner" time="116.826" tests="12" errors="0" skipped="0" failures="5">
  <properties>
[...]
</properties>
  <testcase name="runScenario" classname="Runner.TestRunner" time="8.4"/>
  <testcase name="runScenario" classname="Runner.TestRunner" time="1.389"/>
  <testcase name="runScenario" classname="Runner.TestRunner" time="7.532">
    <failure message="Expected condition failed: waiting for text (&apos;checkout&apos;) to be present in element found by By.xpath: //div[@class=&quot;page-title&quot;]/h1 (tried for 5 second(s) with 500 milliseconds interval)&#10;Build info: version: &apos;4.1.2&apos;, revision: &apos;9a5a329c5a&apos;&#10;System info: host: &apos;AHMED-GEHAD&apos;, ip: &apos;192.168.1.2&apos;, os.name: &apos;Windows 10&apos;, os.arch: &apos;amd64&apos;, os.version: &apos;10.0&apos;, java.version: &apos;1.8.0_321&apos;&#10;Driver info: org.openqa.selenium.chrome.ChromeDriver&#10;Capabilities {acceptInsecureCerts: false, browserName: chrome, browserVersion: 100.0.4896.127, chrome: {chromedriverVersion: 100.0.4896.60 (6a5d10861ce8..., userDataDir: C:\Users\gehad\AppData\Loca...}, goog:chromeOptions: {debuggerAddress: localhost:51358}, javascriptEnabled: true, networkConnectionEnabled: false, pageLoadStrategy: normal, platform: WINDOWS, platformName: WINDOWS, proxy: Proxy(), se:cdp: ws://localhost:51358/devtoo..., se:cdpVersion: 100.0.4896.127, setWindowRect: true, strictFileInteractability: false, timeouts: {implicit: 0, pageLoad: 300000, script: 30000}, unhandledPromptBehavior: dismiss and notify, webauthn:extension:credBlob: true, webauthn:extension:largeBlob: true, webauthn:virtualAuthenticators: true}&#10;Session ID: 929e493e53525d818edf02de0eba0cdc" type="org.openqa.selenium.TimeoutException">org.openqa.selenium.TimeoutException: 
Expected condition failed: waiting for text ('checkout') to be present in element found by By.xpath: //div[@class="page-title"]/h1 (tried for 5 second(s) with 500 milliseconds interval)
Build info: version: '4.1.2', revision: '9a5a329c5a'
System info: host: 'AHMED-GEHAD', ip: '192.168.1.2', os.name: 'Windows 10', os.arch: 'amd64', os.version: '10.0', java.version: '1.8.0_321'
Driver info: org.openqa.selenium.chrome.ChromeDriver
Capabilities {acceptInsecureCerts: false, browserName: chrome, browserVersion: 100.0.4896.127, chrome: {chromedriverVersion: 100.0.4896.60 (6a5d10861ce8..., userDataDir: C:\Users\gehad\AppData\Loca...}, goog:chromeOptions: {debuggerAddress: localhost:51358}, javascriptEnabled: true, networkConnectionEnabled: false, pageLoadStrategy: normal, platform: WINDOWS, platformName: WINDOWS, proxy: Proxy(), se:cdp: ws://localhost:51358/devtoo..., se:cdpVersion: 100.0.4896.127, setWindowRect: true, strictFileInteractability: false, timeouts: {implicit: 0, pageLoad: 300000, script: 30000}, unhandledPromptBehavior: dismiss and notify, webauthn:extension:credBlob: true, webauthn:extension:largeBlob: true, webauthn:virtualAuthenticators: true}
Session ID: 929e493e53525d818edf02de0eba0cdc
</failure>
    <system-out><![CDATA[
@smoke
Scenario: user could Create Successful Order           # src/main/resources/features/SC12_OrderCheckout.feature:4
  Given user agrees with terms and proceed to Checkout # step_definitions.C12_OrderCheckoutStepDefinitions.proceed_to_Checkout()
      org.openqa.selenium.TimeoutException: Expected condition failed: waiting for text ('checkout') to be present in element found by By.xpath: //div[@class="page-title"]/h1 (tried for 5 second(s) with 500 milliseconds interval)
Build info: version: '4.1.2', revision: '9a5a329c5a'
System info: host: 'AHMED-GEHAD', ip: '192.168.1.2', os.name: 'Windows 10', os.arch: 'amd64', os.version: '10.0', java.version: '1.8.0_321'
Driver info: org.openqa.selenium.chrome.ChromeDriver
Capabilities {acceptInsecureCerts: false, browserName: chrome, browserVersion: 100.0.4896.127, chrome: {chromedriverVersion: 100.0.4896.60 (6a5d10861ce8..., userDataDir: C:\Users\gehad\AppData\Loca...}, goog:chromeOptions: {debuggerAddress: localhost:51358}, javascriptEnabled: true, networkConnectionEnabled: false, pageLoadStrategy: normal, platform: WINDOWS, platformName: WINDOWS, proxy: Proxy(), se:cdp: ws://localhost:51358/devtoo..., se:cdpVersion: 100.0.4896.127, setWindowRect: true, strictFileInteractability: false, timeouts: {implicit: 0, pageLoad: 300000, script: 30000}, unhandledPromptBehavior: dismiss and notify, webauthn:extension:credBlob: true, webauthn:extension:largeBlob: true, webauthn:virtualAuthenticators: true}
Session ID: 929e493e53525d818edf02de0eba0cdc
	at org.openqa.selenium.support.ui.WebDriverWait.timeoutException(WebDriverWait.java:138)
	at org.openqa.selenium.support.ui.FluentWait.until(FluentWait.java:231)
	at Pages.P12_OrderCheckPageElements.checkoutProceedEle(P12_OrderCheckPageElements.java:59)
	at step_definitions.C12_OrderCheckoutStepDefinitions.proceed_to_Checkout(C12_OrderCheckoutStepDefinitions.java:18)
	at âœ½.user agrees with terms and proceed to Checkout(file:///D:/egFWD%20testing/Ecommerce-Testing-App/src/main/resources/features/SC12_OrderCheckout.feature:5)

  When user fills out Billing address to Create Order  # step_definitions.C12_OrderCheckoutStepDefinitions.fill_out_Billing_address()
  And user confirms Billing address                    # step_definitions.C12_OrderCheckoutStepDefinitions.confirms_Billing_address()
  And user selects Shipping Method to Continue         # step_definitions.C12_OrderCheckoutStepDefinitions.select_Shipping_Method_and_Continue()
  And user selects Payment Method to Continue          # step_definitions.C12_OrderCheckoutStepDefinitions.select_Payment_Method()
  When user fills out Payment Information              # step_definitions.C12_OrderCheckoutStepDefinitions.Fill_out_Payment_Information()
  Then user could confirm his order                    # step_definitions.C12_OrderCheckoutStepDefinitions.Confirm_Order()
  And user can check order details                     # step_definitions.C12_OrderCheckoutStepDefinitions.check_order_details()
  And user could save invoice                          # step_definitions.C12_OrderCheckoutStepDefinitions.Save_Invoice()
  And user could print invoice                         # step_definitions.C12_OrderCheckoutStepDefinitions.Print_Invoice()
]]></system-out>
  </testcase>
  <testcase name="runScenario" classname="Runner.TestRunner" time="3.326"/>
  <testcase name="runScenario" classname="Runner.TestRunner" time="6.197"/>
  <testcase name="runScenario" classname="Runner.TestRunner" time="15.064">
    <failure message="no such element: Unable to locate element: {&quot;method&quot;:&quot;css selector&quot;,&quot;selector&quot;:&quot;a[href=&quot;/passwordrecovery&quot;]&quot;}&#10;  (Session info: chrome=100.0.4896.127)&#10;For documentation on this error, please visit: https://selenium.dev/exceptions/#no_such_element&#10;Build info: version: &apos;4.1.2&apos;, revision: &apos;9a5a329c5a&apos;&#10;System info: host: &apos;AHMED-GEHAD&apos;, ip: &apos;192.168.1.2&apos;, os.name: &apos;Windows 10&apos;, os.arch: &apos;amd64&apos;, os.version: &apos;10.0&apos;, java.version: &apos;1.8.0_321&apos;&#10;Driver info: org.openqa.selenium.chrome.ChromeDriver&#10;Command: [929e493e53525d818edf02de0eba0cdc, findElement {using=css selector, value=a[href=&quot;/passwordrecovery&quot;]}]&#10;Capabilities {acceptInsecureCerts: false, browserName: chrome, browserVersion: 100.0.4896.127, chrome: {chromedriverVersion: 100.0.4896.60 (6a5d10861ce8..., userDataDir: C:\Users\gehad\AppData\Loca...}, goog:chromeOptions: {debuggerAddress: localhost:51358}, javascriptEnabled: true, networkConnectionEnabled: false, pageLoadStrategy: normal, platform: WINDOWS, platformName: WINDOWS, proxy: Proxy(), se:cdp: ws://localhost:51358/devtoo..., se:cdpVersion: 100.0.4896.127, setWindowRect: true, strictFileInteractability: false, timeouts: {implicit: 0, pageLoad: 300000, script: 30000}, unhandledPromptBehavior: dismiss and notify, webauthn:extension:credBlob: true, webauthn:extension:largeBlob: true, webauthn:virtualAuthenticators: true}&#10;Session ID: 929e493e53525d818edf02de0eba0cdc" type="org.openqa.selenium.NoSuchElementException">org.openqa.selenium.NoSuchElementException: 
no such element: Unable to locate element: {"method":"css selector","selector":"a[href="/passwordrecovery"]"}
  (Session info: chrome=100.0.4896.127)
For documentation on this error, please visit: https://selenium.dev/exceptions/#no_such_element
Build info: version: '4.1.2', revision: '9a5a329c5a'
System info: host: 'AHMED-GEHAD', ip: '192.168.1.2', os.name: 'Windows 10', os.arch: 'amd64', os.version: '10.0', java.version: '1.8.0_321'
Driver info: org.openqa.selenium.chrome.ChromeDriver
Command: [929e493e53525d818edf02de0eba0cdc, findElement {using=css selector, value=a[href="/passwordrecovery"]}]
Capabilities {acceptInsecureCerts: false, browserName: chrome, browserVersion: 100.0.4896.127, chrome: {chromedriverVersion: 100.0.4896.60 (6a5d10861ce8..., userDataDir: C:\Users\gehad\AppData\Loca...}, goog:chromeOptions: {debuggerAddress: localhost:51358}, javascriptEnabled: true, networkConnectionEnabled: false, pageLoadStrategy: normal, platform: WINDOWS, platformName: WINDOWS, proxy: Proxy(), se:cdp: ws://localhost:51358/devtoo..., se:cdpVersion: 100.0.4896.127, setWindowRect: true, strictFileInteractability: false, timeouts: {implicit: 0, pageLoad: 300000, script: 30000}, unhandledPromptBehavior: dismiss and notify, webauthn:extension:credBlob: true, webauthn:extension:largeBlob: true, webauthn:virtualAuthenticators: true}
Session ID: 929e493e53525d818edf02de0eba0cdc
</failure>
    <system-out><![CDATA[
@smoke
Scenario: user reset his password successfully # src/main/resources/features/SC3_RestPassword.feature:4
  Given user clicks on forgot password         # step_definitions.C3_RestPasswordStepDefinitions.forgot_password()
      org.openqa.selenium.NoSuchElementException: no such element: Unable to locate element: {"method":"css selector","selector":"a[href="/passwordrecovery"]"}
  (Session info: chrome=100.0.4896.127)
For documentation on this error, please visit: https://selenium.dev/exceptions/#no_such_element
Build info: version: '4.1.2', revision: '9a5a329c5a'
System info: host: 'AHMED-GEHAD', ip: '192.168.1.2', os.name: 'Windows 10', os.arch: 'amd64', os.version: '10.0', java.version: '1.8.0_321'
Driver info: org.openqa.selenium.chrome.ChromeDriver
Command: [929e493e53525d818edf02de0eba0cdc, findElement {using=css selector, value=a[href="/passwordrecovery"]}]
Capabilities {acceptInsecureCerts: false, browserName: chrome, browserVersion: 100.0.4896.127, chrome: {chromedriverVersion: 100.0.4896.60 (6a5d10861ce8..., userDataDir: C:\Users\gehad\AppData\Loca...}, goog:chromeOptions: {debuggerAddress: localhost:51358}, javascriptEnabled: true, networkConnectionEnabled: false, pageLoadStrategy: normal, platform: WINDOWS, platformName: WINDOWS, proxy: Proxy(), se:cdp: ws://localhost:51358/devtoo..., se:cdpVersion: 100.0.4896.127, setWindowRect: true, strictFileInteractability: false, timeouts: {implicit: 0, pageLoad: 300000, script: 30000}, unhandledPromptBehavior: dismiss and notify, webauthn:extension:credBlob: true, webauthn:extension:largeBlob: true, webauthn:virtualAuthenticators: true}
Session ID: 929e493e53525d818edf02de0eba0cdc
	at sun.reflect.NativeConstructorAccessorImpl.newInstance0(Native Method)
	at sun.reflect.NativeConstructorAccessorImpl.newInstance(NativeConstructorAccessorImpl.java:62)
	at sun.reflect.DelegatingConstructorAccessorImpl.newInstance(DelegatingConstructorAccessorImpl.java:45)
	at java.lang.reflect.Constructor.newInstance(Constructor.java:423)
	at org.openqa.selenium.remote.codec.w3c.W3CHttpResponseCodec.createException(W3CHttpResponseCodec.java:200)
	at org.openqa.selenium.remote.codec.w3c.W3CHttpResponseCodec.decode(W3CHttpResponseCodec.java:133)
	at org.openqa.selenium.remote.codec.w3c.W3CHttpResponseCodec.decode(W3CHttpResponseCodec.java:53)
	at org.openqa.selenium.remote.HttpCommandExecutor.execute(HttpCommandExecutor.java:184)
	at org.openqa.selenium.remote.service.DriverCommandExecutor.invokeExecute(DriverCommandExecutor.java:167)
	at org.openqa.selenium.remote.service.DriverCommandExecutor.execute(DriverCommandExecutor.java:142)
	at org.openqa.selenium.remote.RemoteWebDriver.execute(RemoteWebDriver.java:558)
	at org.openqa.selenium.remote.ElementLocation$ElementFinder$2.findElement(ElementLocation.java:162)
	at org.openqa.selenium.remote.ElementLocation.findElement(ElementLocation.java:60)
	at org.openqa.selenium.remote.RemoteWebDriver.findElement(RemoteWebDriver.java:382)
	at org.openqa.selenium.remote.RemoteWebDriver.findElement(RemoteWebDriver.java:374)
	at Pages.P3_RestPassPageElements.restForgotPassButtonEle(P3_RestPassPageElements.java:24)
	at step_definitions.C3_RestPasswordStepDefinitions.forgot_password(C3_RestPasswordStepDefinitions.java:22)
	at âœ½.user clicks on forgot password(file:///D:/egFWD%20testing/Ecommerce-Testing-App/src/main/resources/features/SC3_RestPassword.feature:5)

  When user enters a valid email address       # step_definitions.C3_RestPasswordStepDefinitions.enters_email_address_to_reset_password()
  And user clicks on recover button            # step_definitions.C3_RestPasswordStepDefinitions.user_clicks_on_recover_button()
  Then user got a Displayed Message            # step_definitions.C3_RestPasswordStepDefinitions.got_a_Displayed_Message()
  And user could close the Notification Bar    # step_definitions.C3_RestPasswordStepDefinitions.close_Notification_Bar()
]]></system-out>
  </testcase>
  <testcase name="runScenario" classname="Runner.TestRunner" time="0.021">
    <failure message="The step &apos;user navigates to login page&apos; is undefined.&#10;You can implement this step using the snippet(s) below:&#10;&#10;@Given(&quot;user navigates to login page&quot;)&#10;public void user_navigates_to_login_page() {&#10;    // Write code here that turns the phrase above into concrete actions&#10;    throw new io.cucumber.java.PendingException();&#10;}&#10;" type="io.cucumber.testng.UndefinedStepException">io.cucumber.testng.UndefinedStepException: 
The step 'user navigates to login page' is undefined.
You can implement this step using the snippet(s) below:

@Given("user navigates to login page")
public void user_navigates_to_login_page() {
    // Write code here that turns the phrase above into concrete actions
    throw new io.cucumber.java.PendingException();
}

</failure>
    <system-out><![CDATA[
@smoke
Scenario: Logged user could search by product name       # src/main/resources/features/SC4_Search.feature:4
  Given user navigates to login page
  And user can login with valid email and valid password # step_definitions.C2_LoginStepDefinitions.valid_email_and_valid_password()
  When user clicks on search field                       # step_definitions.C4_SearchStepDefinitions.user_clicks_search_field()
  And user searches with name of product                 # step_definitions.C4_SearchStepDefinitions.user_searches_name_of_product()
  Then user could find relative results                  # step_definitions.C4_SearchStepDefinitions.user_find_relative_results()
]]></system-out>
  </testcase>
  <testcase name="runScenario" classname="Runner.TestRunner" time="15.053">
    <failure message="no such element: Unable to locate element: {&quot;method&quot;:&quot;css selector&quot;,&quot;selector&quot;:&quot;a[href=&quot;/htc-one-mini-blue&quot;]&quot;}&#10;  (Session info: chrome=100.0.4896.127)&#10;For documentation on this error, please visit: https://selenium.dev/exceptions/#no_such_element&#10;Build info: version: &apos;4.1.2&apos;, revision: &apos;9a5a329c5a&apos;&#10;System info: host: &apos;AHMED-GEHAD&apos;, ip: &apos;192.168.1.2&apos;, os.name: &apos;Windows 10&apos;, os.arch: &apos;amd64&apos;, os.version: &apos;10.0&apos;, java.version: &apos;1.8.0_321&apos;&#10;Driver info: org.openqa.selenium.chrome.ChromeDriver&#10;Command: [929e493e53525d818edf02de0eba0cdc, findElement {using=css selector, value=a[href=&quot;/htc-one-mini-blue&quot;]}]&#10;Capabilities {acceptInsecureCerts: false, browserName: chrome, browserVersion: 100.0.4896.127, chrome: {chromedriverVersion: 100.0.4896.60 (6a5d10861ce8..., userDataDir: C:\Users\gehad\AppData\Loca...}, goog:chromeOptions: {debuggerAddress: localhost:51358}, javascriptEnabled: true, networkConnectionEnabled: false, pageLoadStrategy: normal, platform: WINDOWS, platformName: WINDOWS, proxy: Proxy(), se:cdp: ws://localhost:51358/devtoo..., se:cdpVersion: 100.0.4896.127, setWindowRect: true, strictFileInteractability: false, timeouts: {implicit: 0, pageLoad: 300000, script: 30000}, unhandledPromptBehavior: dismiss and notify, webauthn:extension:credBlob: true, webauthn:extension:largeBlob: true, webauthn:virtualAuthenticators: true}&#10;Session ID: 929e493e53525d818edf02de0eba0cdc" type="org.openqa.selenium.NoSuchElementException">org.openqa.selenium.NoSuchElementException: 
no such element: Unable to locate element: {"method":"css selector","selector":"a[href="/htc-one-mini-blue"]"}
  (Session info: chrome=100.0.4896.127)
For documentation on this error, please visit: https://selenium.dev/exceptions/#no_such_element
Build info: version: '4.1.2', revision: '9a5a329c5a'
System info: host: 'AHMED-GEHAD', ip: '192.168.1.2', os.name: 'Windows 10', os.arch: 'amd64', os.version: '10.0', java.version: '1.8.0_321'
Driver info: org.openqa.selenium.chrome.ChromeDriver
Command: [929e493e53525d818edf02de0eba0cdc, findElement {using=css selector, value=a[href="/htc-one-mini-blue"]}]
Capabilities {acceptInsecureCerts: false, browserName: chrome, browserVersion: 100.0.4896.127, chrome: {chromedriverVersion: 100.0.4896.60 (6a5d10861ce8..., userDataDir: C:\Users\gehad\AppData\Loca...}, goog:chromeOptions: {debuggerAddress: localhost:51358}, javascriptEnabled: true, networkConnectionEnabled: false, pageLoadStrategy: normal, platform: WINDOWS, platformName: WINDOWS, proxy: Proxy(), se:cdp: ws://localhost:51358/devtoo..., se:cdpVersion: 100.0.4896.127, setWindowRect: true, strictFileInteractability: false, timeouts: {implicit: 0, pageLoad: 300000, script: 30000}, unhandledPromptBehavior: dismiss and notify, webauthn:extension:credBlob: true, webauthn:extension:largeBlob: true, webauthn:virtualAuthenticators: true}
Session ID: 929e493e53525d818edf02de0eba0cdc
</failure>
    <system-out><![CDATA[
@smoke
Scenario: user can switch currency           # src/main/resources/features/SC5_SwitchCurrency.feature:4
  Given user selects a product               # step_definitions.C5_SwitchCurrencyStepDefinitions.select_a_product()
      org.openqa.selenium.NoSuchElementException: no such element: Unable to locate element: {"method":"css selector","selector":"a[href="/htc-one-mini-blue"]"}
  (Session info: chrome=100.0.4896.127)
For documentation on this error, please visit: https://selenium.dev/exceptions/#no_such_element
Build info: version: '4.1.2', revision: '9a5a329c5a'
System info: host: 'AHMED-GEHAD', ip: '192.168.1.2', os.name: 'Windows 10', os.arch: 'amd64', os.version: '10.0', java.version: '1.8.0_321'
Driver info: org.openqa.selenium.chrome.ChromeDriver
Command: [929e493e53525d818edf02de0eba0cdc, findElement {using=css selector, value=a[href="/htc-one-mini-blue"]}]
Capabilities {acceptInsecureCerts: false, browserName: chrome, browserVersion: 100.0.4896.127, chrome: {chromedriverVersion: 100.0.4896.60 (6a5d10861ce8..., userDataDir: C:\Users\gehad\AppData\Loca...}, goog:chromeOptions: {debuggerAddress: localhost:51358}, javascriptEnabled: true, networkConnectionEnabled: false, pageLoadStrategy: normal, platform: WINDOWS, platformName: WINDOWS, proxy: Proxy(), se:cdp: ws://localhost:51358/devtoo..., se:cdpVersion: 100.0.4896.127, setWindowRect: true, strictFileInteractability: false, timeouts: {implicit: 0, pageLoad: 300000, script: 30000}, unhandledPromptBehavior: dismiss and notify, webauthn:extension:credBlob: true, webauthn:extension:largeBlob: true, webauthn:virtualAuthenticators: true}
Session ID: 929e493e53525d818edf02de0eba0cdc
	at sun.reflect.NativeConstructorAccessorImpl.newInstance0(Native Method)
	at sun.reflect.NativeConstructorAccessorImpl.newInstance(NativeConstructorAccessorImpl.java:62)
	at sun.reflect.DelegatingConstructorAccessorImpl.newInstance(DelegatingConstructorAccessorImpl.java:45)
	at java.lang.reflect.Constructor.newInstance(Constructor.java:423)
	at org.openqa.selenium.remote.codec.w3c.W3CHttpResponseCodec.createException(W3CHttpResponseCodec.java:200)
	at org.openqa.selenium.remote.codec.w3c.W3CHttpResponseCodec.decode(W3CHttpResponseCodec.java:133)
	at org.openqa.selenium.remote.codec.w3c.W3CHttpResponseCodec.decode(W3CHttpResponseCodec.java:53)
	at org.openqa.selenium.remote.HttpCommandExecutor.execute(HttpCommandExecutor.java:184)
	at org.openqa.selenium.remote.service.DriverCommandExecutor.invokeExecute(DriverCommandExecutor.java:167)
	at org.openqa.selenium.remote.service.DriverCommandExecutor.execute(DriverCommandExecutor.java:142)
	at org.openqa.selenium.remote.RemoteWebDriver.execute(RemoteWebDriver.java:558)
	at org.openqa.selenium.remote.ElementLocation$ElementFinder$2.findElement(ElementLocation.java:162)
	at org.openqa.selenium.remote.ElementLocation.findElement(ElementLocation.java:60)
	at org.openqa.selenium.remote.RemoteWebDriver.findElement(RemoteWebDriver.java:382)
	at org.openqa.selenium.remote.RemoteWebDriver.findElement(RemoteWebDriver.java:374)
	at Pages.P5_SwitchCurrPageElements.switchSelProdEle(P5_SwitchCurrPageElements.java:24)
	at step_definitions.C5_SwitchCurrencyStepDefinitions.select_a_product(C5_SwitchCurrencyStepDefinitions.java:15)
	at âœ½.user selects a product(file:///D:/egFWD%20testing/Ecommerce-Testing-App/src/main/resources/features/SC5_SwitchCurrency.feature:5)

  When user changes the currency             # step_definitions.C5_SwitchCurrencyStepDefinitions.changes_currency()
  Then user could find the selected currency # step_definitions.C5_SwitchCurrencyStepDefinitions.find__selected_currency()
]]></system-out>
  </testcase>
  <testcase name="runScenario" classname="Runner.TestRunner" time="30.755">
    <failure message="expected [true] but found [false]" type="java.lang.AssertionError">java.lang.AssertionError: expected [true] but found [false]
</failure>
    <system-out><![CDATA[
@smoke
Scenario: Logged user could select random category then hover and open sub-Category # src/main/resources/features/SC6_Categories.feature:4
Count of Products on the page is:0
0
  Given user can select Random Category                                             # step_definitions.C6_CategoriesStepDefinitions.select_random_Category()
      java.lang.AssertionError: expected [true] but found [false]
	at org.testng.Assert.fail(Assert.java:110)
	at org.testng.Assert.failNotEquals(Assert.java:1413)
	at org.testng.Assert.assertTrue(Assert.java:56)
	at org.testng.Assert.assertTrue(Assert.java:66)
	at Pages.P6_CategoriesPageElements.categoryRandomEle(P6_CategoriesPageElements.java:46)
	at step_definitions.C6_CategoriesStepDefinitions.select_random_Category(C6_CategoriesStepDefinitions.java:16)
	at âœ½.user can select Random Category(file:///D:/egFWD%20testing/Ecommerce-Testing-App/src/main/resources/features/SC6_Categories.feature:5)

  Then user could hover and open sub-Category                                       # step_definitions.C6_CategoriesStepDefinitions.open_subCategory()
]]></system-out>
  </testcase>
  <testcase name="runScenario" classname="Runner.TestRunner" time="3.01"/>
  <testcase name="runScenario" classname="Runner.TestRunner" time="2.898"/>
  <testcase name="runScenario" classname="Runner.TestRunner" time="14.365"/>
</testsuite>